2023-10-29 19:16:58.738 INFO [main] [utilities.Loggerload.info(Loggerload.java:11)] - //////////////Browser is launched
2023-10-29 19:17:00.218 INFO [main] [utilities.Loggerload.info(Loggerload.java:11)] - click on getStartedPage Get Started button
2023-10-29 19:17:02.949 INFO [main] [utilities.Loggerload.info(Loggerload.java:11)] - click Get Startedlink on  DataStructures 
2023-10-29 19:17:03.994 INFO [main] [utilities.Loggerload.info(Loggerload.java:11)] - click Get Startedlink on Array 
2023-10-29 19:17:04.752 INFO [main] [utilities.Loggerload.info(Loggerload.java:11)] - click Get Startedlink on LinkedList
2023-10-29 19:17:05.592 INFO [main] [utilities.Loggerload.info(Loggerload.java:11)] - click Get Startedlink on stack
2023-10-29 19:17:06.433 INFO [main] [utilities.Loggerload.info(Loggerload.java:11)] - click Get Startedlink on queue 
2023-10-29 19:17:07.147 INFO [main] [utilities.Loggerload.info(Loggerload.java:11)] - click Get Startedlink on Tree 
2023-10-29 19:17:07.926 INFO [main] [utilities.Loggerload.info(Loggerload.java:11)] - click Get Startedlink on Graph 
2023-10-29 19:17:08.912 INFO [main] [utilities.Loggerload.info(Loggerload.java:11)] - User click on Arrays
2023-10-29 19:17:09.625 INFO [main] [utilities.Loggerload.info(Loggerload.java:11)] - User click on Linked List
2023-10-29 19:17:10.502 INFO [main] [utilities.Loggerload.info(Loggerload.java:11)] - User click on Stack
2023-10-29 19:17:11.333 INFO [main] [utilities.Loggerload.info(Loggerload.java:11)] - User click on Queue
2023-10-29 19:17:12.109 INFO [main] [utilities.Loggerload.info(Loggerload.java:11)] - User click on Tree
2023-10-29 19:17:12.925 INFO [main] [utilities.Loggerload.info(Loggerload.java:11)] - User click on Graph
2023-10-29 19:17:18.029 INFO [main] [utilities.Loggerload.info(Loggerload.java:11)] - click Get Started link on home page
2023-10-29 19:17:26.997 INFO [main] [utilities.Loggerload.info(Loggerload.java:11)] - click Get Started link on home page
2023-10-29 19:17:32.190 INFO [main] [utilities.Loggerload.info(Loggerload.java:11)] - User click on Arrays
2023-10-29 19:17:32.792 INFO [main] [utilities.Loggerload.info(Loggerload.java:11)] - click Arrays in Python On array page
2023-10-29 19:17:36.664 INFO [main] [utilities.Loggerload.info(Loggerload.java:11)] - click Arrays Using List On array page
2023-10-29 19:17:40.346 INFO [main] [utilities.Loggerload.info(Loggerload.java:11)] - click Basic Operations in Lists On array page
2023-10-29 19:17:43.787 INFO [main] [utilities.Loggerload.info(Loggerload.java:11)] - click Applications of Array On array page
2023-10-29 19:17:44.527 INFO [main] [utilities.Loggerload.info(Loggerload.java:11)] - click Practice Questions On array page
2023-10-29 19:17:45.107 INFO [main] [utilities.Loggerload.info(Loggerload.java:11)] - click Search the array On array page
2023-10-29 19:17:48.122 INFO [main] [utilities.Loggerload.info(Loggerload.java:11)] - Click on Run button
2023-10-29 19:33:45.172 INFO [main] [utilities.Loggerload.info(Loggerload.java:11)] - //////////////Browser is launched
2023-10-29 19:33:46.994 INFO [main] [utilities.Loggerload.info(Loggerload.java:11)] - click on getStartedPage Get Started button
2023-10-29 19:33:49.418 INFO [main] [utilities.Loggerload.info(Loggerload.java:11)] - click Get Startedlink on  DataStructures 
2023-10-29 19:33:50.226 INFO [main] [utilities.Loggerload.info(Loggerload.java:11)] - click Get Startedlink on Array 
2023-10-29 19:33:50.974 INFO [main] [utilities.Loggerload.info(Loggerload.java:11)] - click Get Startedlink on LinkedList
2023-10-29 19:33:51.730 INFO [main] [utilities.Loggerload.info(Loggerload.java:11)] - click Get Startedlink on stack
2023-10-29 19:33:52.596 INFO [main] [utilities.Loggerload.info(Loggerload.java:11)] - click Get Startedlink on queue 
2023-10-29 19:33:53.428 INFO [main] [utilities.Loggerload.info(Loggerload.java:11)] - click Get Startedlink on Tree 
2023-10-29 19:33:54.169 INFO [main] [utilities.Loggerload.info(Loggerload.java:11)] - click Get Startedlink on Graph 
2023-10-29 19:33:55.084 INFO [main] [utilities.Loggerload.info(Loggerload.java:11)] - User click on Arrays
2023-10-29 19:33:55.858 INFO [main] [utilities.Loggerload.info(Loggerload.java:11)] - User click on Linked List
2023-10-29 19:33:56.616 INFO [main] [utilities.Loggerload.info(Loggerload.java:11)] - User click on Stack
2023-10-29 19:33:57.363 INFO [main] [utilities.Loggerload.info(Loggerload.java:11)] - User click on Queue
2023-10-29 19:33:58.180 INFO [main] [utilities.Loggerload.info(Loggerload.java:11)] - User click on Tree
2023-10-29 19:33:58.922 INFO [main] [utilities.Loggerload.info(Loggerload.java:11)] - User click on Graph
2023-10-29 19:34:03.226 INFO [main] [utilities.Loggerload.info(Loggerload.java:11)] - click Get Started link on home page
2023-10-29 19:34:13.163 INFO [main] [utilities.Loggerload.info(Loggerload.java:11)] - click Get Started link on home page
2023-10-29 19:34:19.209 INFO [main] [utilities.Loggerload.info(Loggerload.java:11)] - User click on Arrays
2023-10-29 19:34:20.033 INFO [main] [utilities.Loggerload.info(Loggerload.java:11)] - click Arrays in Python On array page
2023-10-29 19:34:24.637 INFO [main] [utilities.Loggerload.info(Loggerload.java:11)] - click Arrays Using List On array page
2023-10-29 19:34:29.127 INFO [main] [utilities.Loggerload.info(Loggerload.java:11)] - click Basic Operations in Lists On array page
2023-10-29 19:34:32.964 INFO [main] [utilities.Loggerload.info(Loggerload.java:11)] - click Applications of Array On array page
2023-10-29 19:34:33.950 INFO [main] [utilities.Loggerload.info(Loggerload.java:11)] - click Practice Questions On array page
2023-10-29 19:34:34.975 INFO [main] [utilities.Loggerload.info(Loggerload.java:11)] - click Search the array On array page
2023-10-29 19:34:37.802 INFO [main] [utilities.Loggerload.info(Loggerload.java:11)] - Click on Run button
2023-10-29 20:51:11.465 INFO [main] [utilities.Loggerload.info(Loggerload.java:11)] - //////////////Browser is launched
2023-10-29 21:05:31.499 INFO [main] [utilities.Loggerload.info(Loggerload.java:11)] - //////////////Browser is launched
2023-10-29 21:05:33.898 INFO [main] [utilities.Loggerload.info(Loggerload.java:11)] - User click on Graph
2023-10-29 21:50:24.822 INFO [main] [utilities.Loggerload.info(Loggerload.java:11)] - //////////////Browser is launched
2023-10-29 21:50:26.348 INFO [main] [utilities.Loggerload.info(Loggerload.java:11)] - click on getStartedPage Get Started button
2023-10-29 21:50:28.646 INFO [main] [utilities.Loggerload.info(Loggerload.java:11)] - click Get Startedlink on  DataStructures 
2023-10-29 21:50:29.679 INFO [main] [utilities.Loggerload.info(Loggerload.java:11)] - click Get Startedlink on Array 
2023-10-29 21:50:30.859 INFO [main] [utilities.Loggerload.info(Loggerload.java:11)] - click Get Startedlink on LinkedList
2023-10-29 21:50:31.640 INFO [main] [utilities.Loggerload.info(Loggerload.java:11)] - click Get Startedlink on stack
2023-10-29 21:50:32.451 INFO [main] [utilities.Loggerload.info(Loggerload.java:11)] - click Get Startedlink on queue 
2023-10-29 21:50:33.307 INFO [main] [utilities.Loggerload.info(Loggerload.java:11)] - click Get Startedlink on Tree 
2023-10-29 21:50:34.177 INFO [main] [utilities.Loggerload.info(Loggerload.java:11)] - click Get Startedlink on Graph 
2023-10-29 21:50:35.085 INFO [main] [utilities.Loggerload.info(Loggerload.java:11)] - User click on Arrays
2023-10-29 21:50:35.848 INFO [main] [utilities.Loggerload.info(Loggerload.java:11)] - User click on Linked List
2023-10-29 21:50:36.537 INFO [main] [utilities.Loggerload.info(Loggerload.java:11)] - User click on Stack
2023-10-29 21:50:37.264 INFO [main] [utilities.Loggerload.info(Loggerload.java:11)] - User click on Queue
2023-10-29 21:50:37.986 INFO [main] [utilities.Loggerload.info(Loggerload.java:11)] - User click on Tree
2023-10-29 21:50:38.719 INFO [main] [utilities.Loggerload.info(Loggerload.java:11)] - User click on Graph
2023-10-29 21:50:43.011 INFO [main] [utilities.Loggerload.info(Loggerload.java:11)] - click Get Started link on home page
2023-10-29 21:50:51.860 INFO [main] [utilities.Loggerload.info(Loggerload.java:11)] - click Get Started link on home page
2023-10-29 21:50:56.905 INFO [main] [utilities.Loggerload.info(Loggerload.java:11)] - User click on Arrays
2023-10-29 21:50:57.731 INFO [main] [utilities.Loggerload.info(Loggerload.java:11)] - click Arrays in Python On array page
2023-10-29 21:51:01.304 INFO [main] [utilities.Loggerload.info(Loggerload.java:11)] - click Arrays Using List On array page
2023-10-29 21:51:04.974 INFO [main] [utilities.Loggerload.info(Loggerload.java:11)] - click Basic Operations in Lists On array page
2023-10-29 21:51:08.376 INFO [main] [utilities.Loggerload.info(Loggerload.java:11)] - click Applications of Array On array page
2023-10-29 21:51:09.076 INFO [main] [utilities.Loggerload.info(Loggerload.java:11)] - click Practice Questions On array page
2023-10-29 21:51:09.623 INFO [main] [utilities.Loggerload.info(Loggerload.java:11)] - click Search the array On array page
2023-10-29 21:51:12.085 INFO [main] [utilities.Loggerload.info(Loggerload.java:11)] - Click on Run button
2023-10-29 21:51:13.142 INFO [main] [utilities.Loggerload.info(Loggerload.java:11)] - User click on Graph
2023-10-29 22:04:38.463 INFO [main] [utilities.Loggerload.info(Loggerload.java:11)] - //////////////Browser is launched
2023-10-29 22:06:15.470 INFO [main] [utilities.Loggerload.info(Loggerload.java:11)] - //////////////Browser is launched
2023-10-29 22:08:22.368 INFO [main] [utilities.Loggerload.info(Loggerload.java:11)] - //////////////Browser is launched
2023-10-29 22:08:25.247 INFO [main] [utilities.Loggerload.info(Loggerload.java:11)] - click Get Startedlink on  DataStructures 
2023-10-29 22:08:26.159 INFO [main] [utilities.Loggerload.info(Loggerload.java:11)] - click Get Startedlink on Array 
2023-10-29 22:08:26.880 INFO [main] [utilities.Loggerload.info(Loggerload.java:11)] - click Get Startedlink on LinkedList
2023-10-29 22:08:27.592 INFO [main] [utilities.Loggerload.info(Loggerload.java:11)] - click Get Startedlink on stack
2023-10-29 22:08:28.304 INFO [main] [utilities.Loggerload.info(Loggerload.java:11)] - click Get Startedlink on queue 
2023-10-29 22:08:29.059 INFO [main] [utilities.Loggerload.info(Loggerload.java:11)] - click Get Startedlink on Tree 
2023-10-29 22:08:29.799 INFO [main] [utilities.Loggerload.info(Loggerload.java:11)] - click Get Startedlink on Graph 
2023-10-29 22:08:30.626 INFO [main] [utilities.Loggerload.info(Loggerload.java:11)] - User click on Arrays
2023-10-29 22:08:31.344 INFO [main] [utilities.Loggerload.info(Loggerload.java:11)] - User click on Linked List
2023-10-29 22:08:32.023 INFO [main] [utilities.Loggerload.info(Loggerload.java:11)] - User click on Stack
2023-10-29 22:08:32.747 INFO [main] [utilities.Loggerload.info(Loggerload.java:11)] - User click on Queue
2023-10-29 22:08:33.451 INFO [main] [utilities.Loggerload.info(Loggerload.java:11)] - User click on Tree
2023-10-29 22:08:34.116 INFO [main] [utilities.Loggerload.info(Loggerload.java:11)] - User click on Graph
2023-10-29 22:08:38.040 INFO [main] [utilities.Loggerload.info(Loggerload.java:11)] - click Get Started link on home page
2023-10-29 22:09:21.446 INFO [main] [utilities.Loggerload.info(Loggerload.java:11)] - //////////////Browser is launched
2023-10-29 22:10:38.967 INFO [main] [utilities.Loggerload.info(Loggerload.java:11)] - //////////////Browser is launched
2023-10-29 22:16:07.718 INFO [main] [utilities.Loggerload.info(Loggerload.java:11)] - //////////////Browser is launched
2023-10-29 22:16:11.014 INFO [main] [utilities.Loggerload.info(Loggerload.java:11)] - click Get Startedlink on  DataStructures 
2023-10-29 22:16:11.814 INFO [main] [utilities.Loggerload.info(Loggerload.java:11)] - click Get Startedlink on Array 
2023-10-29 22:16:12.585 INFO [main] [utilities.Loggerload.info(Loggerload.java:11)] - click Get Startedlink on LinkedList
2023-10-29 22:16:13.342 INFO [main] [utilities.Loggerload.info(Loggerload.java:11)] - click Get Startedlink on stack
2023-10-29 22:16:14.235 INFO [main] [utilities.Loggerload.info(Loggerload.java:11)] - click Get Startedlink on queue 
2023-10-29 22:16:14.986 INFO [main] [utilities.Loggerload.info(Loggerload.java:11)] - click Get Startedlink on Tree 
2023-10-29 22:16:15.740 INFO [main] [utilities.Loggerload.info(Loggerload.java:11)] - click Get Startedlink on Graph 
2023-10-29 22:16:16.598 INFO [main] [utilities.Loggerload.info(Loggerload.java:11)] - User click on Arrays
2023-10-29 22:16:17.354 INFO [main] [utilities.Loggerload.info(Loggerload.java:11)] - User click on Linked List
2023-10-29 22:16:18.113 INFO [main] [utilities.Loggerload.info(Loggerload.java:11)] - User click on Stack
2023-10-29 22:16:18.813 INFO [main] [utilities.Loggerload.info(Loggerload.java:11)] - User click on Queue
2023-10-29 22:16:19.591 INFO [main] [utilities.Loggerload.info(Loggerload.java:11)] - User click on Tree
2023-10-29 22:16:20.296 INFO [main] [utilities.Loggerload.info(Loggerload.java:11)] - User click on Graph
2023-10-29 22:23:43.755 INFO [main] [utilities.Loggerload.info(Loggerload.java:11)] - //////////////Browser is launched
2023-10-29 22:23:45.733 INFO [main] [utilities.Loggerload.info(Loggerload.java:11)] - click Get Startedlink on  DataStructures 
2023-10-29 22:23:46.486 INFO [main] [utilities.Loggerload.info(Loggerload.java:11)] - click Get Startedlink on Array 
2023-10-29 22:23:47.276 INFO [main] [utilities.Loggerload.info(Loggerload.java:11)] - click Get Startedlink on LinkedList
2023-10-29 22:23:47.990 INFO [main] [utilities.Loggerload.info(Loggerload.java:11)] - click Get Startedlink on stack
2023-10-29 22:23:48.708 INFO [main] [utilities.Loggerload.info(Loggerload.java:11)] - click Get Startedlink on queue 
2023-10-29 22:23:49.440 INFO [main] [utilities.Loggerload.info(Loggerload.java:11)] - click Get Startedlink on Tree 
2023-10-29 22:23:50.163 INFO [main] [utilities.Loggerload.info(Loggerload.java:11)] - click Get Startedlink on Graph 
2023-10-29 22:23:50.988 INFO [main] [utilities.Loggerload.info(Loggerload.java:11)] - User click on Arrays
2023-10-29 22:23:51.701 INFO [main] [utilities.Loggerload.info(Loggerload.java:11)] - User click on Linked List
2023-10-29 22:23:52.406 INFO [main] [utilities.Loggerload.info(Loggerload.java:11)] - User click on Stack
2023-10-29 22:23:53.109 INFO [main] [utilities.Loggerload.info(Loggerload.java:11)] - User click on Queue
2023-10-29 22:23:53.840 INFO [main] [utilities.Loggerload.info(Loggerload.java:11)] - User click on Tree
2023-10-29 22:23:54.532 INFO [main] [utilities.Loggerload.info(Loggerload.java:11)] - User click on Graph
2023-10-29 22:25:37.686 INFO [main] [utilities.Loggerload.info(Loggerload.java:11)] - //////////////Browser is launched
2023-10-29 22:25:40.114 INFO [main] [utilities.Loggerload.info(Loggerload.java:11)] - click Get Startedlink on  DataStructures 
2023-10-29 22:25:40.866 INFO [main] [utilities.Loggerload.info(Loggerload.java:11)] - click Get Startedlink on Array 
2023-10-29 22:25:41.627 INFO [main] [utilities.Loggerload.info(Loggerload.java:11)] - click Get Startedlink on LinkedList
2023-10-29 22:25:42.360 INFO [main] [utilities.Loggerload.info(Loggerload.java:11)] - click Get Startedlink on stack
2023-10-29 22:25:43.083 INFO [main] [utilities.Loggerload.info(Loggerload.java:11)] - click Get Startedlink on queue 
2023-10-29 22:25:43.803 INFO [main] [utilities.Loggerload.info(Loggerload.java:11)] - click Get Startedlink on Tree 
2023-10-29 22:25:44.504 INFO [main] [utilities.Loggerload.info(Loggerload.java:11)] - click Get Startedlink on Graph 
2023-10-29 22:25:45.550 INFO [main] [utilities.Loggerload.info(Loggerload.java:11)] - User click on Arrays
2023-10-29 22:25:46.287 INFO [main] [utilities.Loggerload.info(Loggerload.java:11)] - User click on Linked List
2023-10-29 22:25:46.997 INFO [main] [utilities.Loggerload.info(Loggerload.java:11)] - User click on Stack
2023-10-29 22:25:47.715 INFO [main] [utilities.Loggerload.info(Loggerload.java:11)] - User click on Queue
2023-10-29 22:25:48.431 INFO [main] [utilities.Loggerload.info(Loggerload.java:11)] - User click on Tree
2023-10-29 22:25:49.134 INFO [main] [utilities.Loggerload.info(Loggerload.java:11)] - User click on Graph
